<?xml version="1.0" encoding="UTF-8"?>
<Site BuildName="(empty)"
	BuildStamp="20240519-2042-Experimental"
	Name="(empty)"
	Generator="ctest-3.29.3"
	CompilerName=""
	CompilerVersion=""
	OSName="macOS"
	Hostname="MacBook-Air-de-richard.local"
	OSRelease="14.4.1"
	OSVersion="23E224"
	OSPlatform="arm64"
	Is64Bits="1"
	VendorString="IBM"
	VendorID="IBM"
	FamilyID="16777228"
	ModelID="2"
	ProcessorCacheSize="131072"
	NumberOfLogicalCPU="8"
	NumberOfPhysicalCPU="8"
	TotalVirtualMemory="2048"
	TotalPhysicalMemory="8192"
	LogicalProcessorsPerPhysical="8"
	ProcessorClockFrequency="0"
	>
	<Testing>
		<StartDateTime>May 19 18:28 -03</StartDateTime>
		<StartTestTime>1716154132</StartTestTime>
		<TestList/>
		<EndDateTime>May 19 18:28 -03</EndDateTime>
		<EndTestTime>1716154132</EndTestTime>
		<ElapsedMinutes>0</ElapsedMinutes>
	</Testing>
</Site>
